<?xml version="1.0" encoding="UTF-8"?>
<testng-results ignored="0" total="2" passed="1" failed="1" skipped="0">
  <reporter-output>
  </reporter-output>
  <suite started-at="2023-06-22T09:54:17Z" name="Default suite" finished-at="2023-06-22T09:54:37Z" duration-ms="20143">
    <groups>
    </groups>
    <test started-at="2023-06-22T09:54:17Z" name="Default test" finished-at="2023-06-22T09:54:37Z" duration-ms="20143">
      <class name="Com.wallyax.tests.LogInTest">
        <test-method is-config="true" signature="browserAndURLlaunch()[pri:0, instance:Com.wallyax.tests.LogInTest@5b7a7f33]" started-at="2023-06-22T09:54:17Z" name="browserAndURLlaunch" finished-at="2023-06-22T09:54:33Z" duration-ms="15944" status="PASS">
          <reporter-output>
          </reporter-output>
        </test-method> <!-- browserAndURLlaunch -->
        <test-method signature="clickTheSignInButtonAndNavigateToLoginPage()[pri:0, instance:Com.wallyax.tests.LogInTest@5b7a7f33]" started-at="2023-06-22T09:54:33Z" name="clickTheSignInButtonAndNavigateToLoginPage" finished-at="2023-06-22T09:54:36Z" duration-ms="3656" status="PASS">
          <reporter-output>
          </reporter-output>
        </test-method> <!-- clickTheSignInButtonAndNavigateToLoginPage -->
        <test-method is-config="true" signature="broserClose()[pri:0, instance:Com.wallyax.tests.LogInTest@5b7a7f33]" started-at="2023-06-22T09:54:36Z" name="broserClose" finished-at="2023-06-22T09:54:37Z" duration-ms="503" status="PASS">
          <reporter-output>
          </reporter-output>
        </test-method> <!-- broserClose -->
        <test-method signature="loginWithUserNameAndPassword(java.lang.String, java.lang.String)[pri:0, instance:Com.wallyax.tests.LogInTest@5b7a7f33]" started-at="2023-06-22T09:54:37Z" name="loginWithUserNameAndPassword" finished-at="2023-06-22T09:54:37Z" duration-ms="0" status="FAIL">
          <exception class="org.testng.TestNGException">
            <message>
              <![CDATA[
Cannot inject @Test annotated Method [loginWithUserNameAndPassword] with [class java.lang.String, class java.lang.String].
For more information on native dependency injection please refer to http://testng.org/doc/documentation-main.html#native-dependency-injection]]>
            </message>
            <full-stacktrace>
              <![CDATA[org.testng.TestNGException: 
Cannot inject @Test annotated Method [loginWithUserNameAndPassword] with [class java.lang.String, class java.lang.String].
For more information on native dependency injection please refer to http://testng.org/doc/documentation-main.html#native-dependency-injection
at org.testng.internal.Parameters.checkParameterTypes(Parameters.java:407)
at org.testng.internal.Parameters.createParametersForMethod(Parameters.java:356)
at org.testng.internal.Parameters.createParameters(Parameters.java:635)
at org.testng.internal.Parameters.handleParameters(Parameters.java:769)
at org.testng.internal.ParameterHandler.handleParameters(ParameterHandler.java:49)
at org.testng.internal.ParameterHandler.createParameters(ParameterHandler.java:37)
at org.testng.internal.Invoker.invokeTestMethods(Invoker.java:924)
at org.testng.internal.TestMethodWorker.invokeTestMethods(TestMethodWorker.java:125)
at org.testng.internal.TestMethodWorker.run(TestMethodWorker.java:109)
at org.testng.TestRunner.privateRun(TestRunner.java:648)
at org.testng.TestRunner.run(TestRunner.java:505)
at org.testng.SuiteRunner.runTest(SuiteRunner.java:455)
at org.testng.SuiteRunner.runSequentially(SuiteRunner.java:450)
at org.testng.SuiteRunner.privateRun(SuiteRunner.java:415)
at org.testng.SuiteRunner.run(SuiteRunner.java:364)
at org.testng.SuiteRunnerWorker.runSuite(SuiteRunnerWorker.java:52)
at org.testng.SuiteRunnerWorker.run(SuiteRunnerWorker.java:84)
at org.testng.TestNG.runSuitesSequentially(TestNG.java:1208)
at org.testng.TestNG.runSuitesLocally(TestNG.java:1137)
at org.testng.TestNG.runSuites(TestNG.java:1049)
at org.testng.TestNG.run(TestNG.java:1017)
at org.testng.remote.AbstractRemoteTestNG.run(AbstractRemoteTestNG.java:115)
at org.testng.remote.RemoteTestNG.initAndRun(RemoteTestNG.java:251)
at org.testng.remote.RemoteTestNG.main(RemoteTestNG.java:77)
]]>
            </full-stacktrace>
          </exception> <!-- org.testng.TestNGException -->
          <reporter-output>
          </reporter-output>
        </test-method> <!-- loginWithUserNameAndPassword -->
      </class> <!-- Com.wallyax.tests.LogInTest -->
    </test> <!-- Default test -->
  </suite> <!-- Default suite -->
</testng-results>
